Unity Editor version:    2020.3.19f1 (68f137dc9bbe)
Branch:                  2020.3/staging
Build type:              Release
Batch mode:              YES
macOS version:           Version 11.2.3 (Build 20D91)
Darwin version:          20.3.0
Architecture:            x86_64
Running under Rosetta:   NO
Available memory:        32768 MB
Using pre-set license
Pro License: NO

COMMAND LINE ARGUMENTS:
/Applications/Unity/Hub/Editor/2020.3.19f1/Unity.app/Contents/MacOS/Unity
-adb2
-batchMode
-noUpm
-name
AssetImportWorker0
-projectPath
/Users/ericzhu/Documents/GitHub/narrative-game/narrative game
-logFile
Logs/AssetImportWorker0.log
-srvPort
54073
Successfully changed project path to: /Users/ericzhu/Documents/GitHub/narrative-game/narrative game
/Users/ericzhu/Documents/GitHub/narrative-game/narrative game
Using Asset Import Pipeline V2.
Refreshing native plugins compatible for Editor in 51.96 ms, found 2 plugins.
Preloading 0 native plugins for Editor in 0.00 ms.
Initialize engine version: 2020.3.19f1 (68f137dc9bbe)
[Subsystems] Discovering subsystems at path /Applications/Unity/Hub/Editor/2020.3.19f1/Unity.app/Contents/Resources/UnitySubsystems
[Subsystems] Discovering subsystems at path /Users/ericzhu/Documents/GitHub/narrative-game/narrative game/Assets
GfxDevice: creating device client; threaded=0
2021-11-10 11:45:15.091 Unity[2847:174422] Color LCD preferred device: AMD Radeon Pro 5500M (high power)
2021-11-10 11:45:15.091 Unity[2847:174422] Metal devices available: 2
2021-11-10 11:45:15.091 Unity[2847:174422] 0: AMD Radeon Pro 5500M (high power)
2021-11-10 11:45:15.091 Unity[2847:174422] 1: Intel(R) UHD Graphics 630 (low power)
2021-11-10 11:45:15.091 Unity[2847:174422] Using device AMD Radeon Pro 5500M (high power)
Initializing Metal device caps: AMD Radeon Pro 5500M
Initialize mono
Mono path[0] = '/Applications/Unity/Hub/Editor/2020.3.19f1/Unity.app/Contents/Managed'
Mono path[1] = '/Applications/Unity/Hub/Editor/2020.3.19f1/Unity.app/Contents/MonoBleedingEdge/lib/mono/unityjit'
Mono config path = '/Applications/Unity/Hub/Editor/2020.3.19f1/Unity.app/Contents/MonoBleedingEdge/etc'
Using monoOptions --debugger-agent=transport=dt_socket,embedding=1,server=y,suspend=n,address=127.0.0.1:56847
Begin MonoManager ReloadAssembly
Registering precompiled unity dll's ...
Register platform support module: /Applications/Unity/Hub/Editor/2020.3.19f1/Unity.app/Contents/PlaybackEngines/MacStandaloneSupport/UnityEditor.OSXStandalone.Extensions.dll
Register platform support module: /Applications/Unity/Hub/Editor/2020.3.19f1/PlaybackEngines/WindowsStandaloneSupport/UnityEditor.WindowsStandalone.Extensions.dll
Registered in 0.000634 seconds.
Native extension for WindowsStandalone target not found
Native extension for OSXStandalone target not found
Refreshing native plugins compatible for Editor in 49.18 ms, found 2 plugins.
Preloading 0 native plugins for Editor in 0.00 ms.
Mono: successfully reloaded assembly
- Completed reload, in  1.725 seconds
Domain Reload Profiling:
	ReloadAssembly (1725ms)
		BeginReloadAssembly (49ms)
			ExecutionOrderSort (0ms)
			DisableScriptedObjects (0ms)
			BackupInstance (0ms)
			ReleaseScriptingObjects (0ms)
			CreateAndSetChildDomain (1ms)
		EndReloadAssembly (472ms)
			LoadAssemblies (48ms)
			RebuildTransferFunctionScriptingTraits (0ms)
			SetupTypeCache (175ms)
			ReleaseScriptCaches (0ms)
			RebuildScriptCaches (38ms)
			SetupLoadedEditorAssemblies (207ms)
				LogAssemblyErrors (0ms)
				InitializePlatformSupportModulesInManaged (5ms)
				SetLoadedEditorAssemblies (0ms)
				RefreshPlugins (49ms)
				BeforeProcessingInitializeOnLoad (27ms)
				ProcessInitializeOnLoadAttributes (98ms)
				ProcessInitializeOnLoadMethodAttributes (28ms)
				AfterProcessingInitializeOnLoad (0ms)
				EditorAssembliesLoaded (0ms)
			ExecutionOrderSort2 (0ms)
			AwakeInstancesAfterBackupRestoration (0ms)
Platform modules already initialized, skipping
Registering precompiled user dll's ...
Registered in 0.001118 seconds.
Begin MonoManager ReloadAssembly
Native extension for WindowsStandalone target not found
Native extension for OSXStandalone target not found
Refreshing native plugins compatible for Editor in 0.56 ms, found 2 plugins.
Preloading 0 native plugins for Editor in 0.00 ms.
Mono: successfully reloaded assembly
- Completed reload, in  1.065 seconds
Domain Reload Profiling:
	ReloadAssembly (1066ms)
		BeginReloadAssembly (153ms)
			ExecutionOrderSort (0ms)
			DisableScriptedObjects (5ms)
			BackupInstance (0ms)
			ReleaseScriptingObjects (0ms)
			CreateAndSetChildDomain (30ms)
		EndReloadAssembly (847ms)
			LoadAssemblies (74ms)
			RebuildTransferFunctionScriptingTraits (0ms)
			SetupTypeCache (312ms)
			ReleaseScriptCaches (0ms)
			RebuildScriptCaches (50ms)
			SetupLoadedEditorAssemblies (305ms)
				LogAssemblyErrors (0ms)
				InitializePlatformSupportModulesInManaged (5ms)
				SetLoadedEditorAssemblies (0ms)
				RefreshPlugins (1ms)
				BeforeProcessingInitializeOnLoad (71ms)
				ProcessInitializeOnLoadAttributes (222ms)
				ProcessInitializeOnLoadMethodAttributes (4ms)
				AfterProcessingInitializeOnLoad (1ms)
				EditorAssembliesLoaded (0ms)
			ExecutionOrderSort2 (0ms)
			AwakeInstancesAfterBackupRestoration (7ms)
Platform modules already initialized, skipping
Validating Project structure ... 0.018172 seconds.
Shader import version has changed; will reimport all shaders...
Upgrading shader files ...0.020409 seconds.
Application.AssetDatabase Initial Script Refresh Start
RefreshInfo: InitialScriptRefreshV2(NoUpdateAssetOptions) scanfilter:  ... 1 filters
RefreshProfiler: Total: 0.000ms
Application.AssetDatabase Initial Script Refresh End
Application.AssetDatabase.Refresh Start
Application.AssetDatabase.Refresh End
RefreshInfo: StopAssetImportingV2(ForceSynchronousImport) scanfilter: 
RefreshProfiler: Total: 0.000ms
Launching external process: /Applications/Unity/Hub/Editor/2020.3.19f1/Unity.app/Contents/Tools/UnityShaderCompiler
Launched and connected shader compiler UnityShaderCompiler after 0.01 seconds
Initializing Unity extensions:
========================================================================
Worker process is ready to serve import requests
Refreshing native plugins compatible for Editor in 0.44 ms, found 2 plugins.
Preloading 0 native plugins for Editor in 0.00 ms.
Unloading 1398 Unused Serialized files (Serialized files now loaded: 0)
System memory in use before: 163.9 MB.
System memory in use after: 163.1 MB.

Unloading 77 unused Assets to reduce memory usage. Loaded Objects now: 1872.
Total: 3.070056 ms (FindLiveObjects: 0.136331 ms CreateObjectMapping: 0.039691 ms MarkObjects: 2.435271 ms  DeleteObjects: 0.457965 ms)

AssetImportParameters requested are different than current active one (requested -> active):
  custom:video-decoder-ogg-theora: a1e56fd34408186e4bbccfd4996cb3dc -> 
  custom:container-muxer-webm: aa71ff27fc2769a1b78a27578f13a17b -> 
  custom:container-demuxer-webm: 4f35f7cbe854078d1ac9338744f61a02 -> 
  custom:container-demuxer-ogg: 62fdf1f143b41e24485cea50d1cbac27 -> 
  custom:video-encoder-webm-vp8: eb34c28f22e8b96e1ab97ce403110664 -> 
  custom:framework-osx-AVFoundation: e770b220cccbd017edd2c1fefb359320 -> 
  custom:video-decoder-webm-vp8: 9c59270c3fd7afecdb556c50c9e8de78 -> 
  custom:audio-decoder-ogg-vorbis: bf7c407c2cedff20999df2af8eb42d56 -> 
  custom:audio-encoder-webm-vorbis: bf7c407c2cedff20999df2af8eb42d56 -> 
========================================================================
Received Import Request.
  path: Assets/polyperfect/Low Poly Ultimate Pack/01 - items.unity
  artifactKey: Guid(3b857e925cf52ac4c861518d4d94edf3) Importer(815301076,1909f56bfc062723c751e8b465ee728b)
Start importing Assets/polyperfect/Low Poly Ultimate Pack/01 - items.unity using Guid(3b857e925cf52ac4c861518d4d94edf3) Importer(815301076,1909f56bfc062723c751e8b465ee728b)  -> (artifact id: '1573927ce6322aa248ebdf382c25b6e5') in 0.009673 seconds 
  Import took 0.012104 seconds .

========================================================================
Received Import Request.
  Time since last request: 0.000247 seconds.
  path: Assets/polyperfect
  artifactKey: Guid(6510def8fb0024bb99122d677e4a0bca) Importer(815301076,1909f56bfc062723c751e8b465ee728b)
Start importing Assets/polyperfect using Guid(6510def8fb0024bb99122d677e4a0bca) Importer(815301076,1909f56bfc062723c751e8b465ee728b)  -> (artifact id: '309afb32142d669e6bcc4e64ef23e00e') in 0.000718 seconds 
  Import took 0.002767 seconds .

========================================================================
Received Import Request.
  Time since last request: 0.000274 seconds.
  path: Assets/polyperfect/Low Poly Ultimate Pack
  artifactKey: Guid(254cebd401a5df64da07f96ad5300287) Importer(815301076,1909f56bfc062723c751e8b465ee728b)
Start importing Assets/polyperfect/Low Poly Ultimate Pack using Guid(254cebd401a5df64da07f96ad5300287) Importer(815301076,1909f56bfc062723c751e8b465ee728b)  -> (artifact id: 'a758f5902f561fd9a5897c4cd368a231') in 0.000741 seconds 
  Import took 0.002610 seconds .

========================================================================
Received Import Request.
  Time since last request: 47.416484 seconds.
  path: Assets/polyperfect/Low Poly Ultimate Pack/02 - worlds.unity
  artifactKey: Guid(202e7f1e214108d43834d99af8c8aa1d) Importer(815301076,1909f56bfc062723c751e8b465ee728b)
Start importing Assets/polyperfect/Low Poly Ultimate Pack/02 - worlds.unity using Guid(202e7f1e214108d43834d99af8c8aa1d) Importer(815301076,1909f56bfc062723c751e8b465ee728b)  -> (artifact id: 'bac78f806e560e2a797ec1a61c40854d') in 0.001296 seconds 
  Import took 0.003854 seconds .

========================================================================
Received Import Request.
  Time since last request: 82.339429 seconds.
  path: Assets/polyperfect/Low Poly Ultimate Pack/03 - skullIsland.unity
  artifactKey: Guid(266d18a39c556cd4c8f810a63e9df0db) Importer(815301076,1909f56bfc062723c751e8b465ee728b)
Start importing Assets/polyperfect/Low Poly Ultimate Pack/03 - skullIsland.unity using Guid(266d18a39c556cd4c8f810a63e9df0db) Importer(815301076,1909f56bfc062723c751e8b465ee728b)  -> (artifact id: '5a96a912c7ba549bf87ce66ee30c46dc') in 0.001203 seconds 
  Import took 0.003453 seconds .

========================================================================
Received Import Request.
  Time since last request: 7.893767 seconds.
  path: Assets/polyperfect/Low Poly Ultimate Pack/04 - iceland.unity
  artifactKey: Guid(3cad9c1a3d4d3a748b0e62b79bf51019) Importer(815301076,1909f56bfc062723c751e8b465ee728b)
Start importing Assets/polyperfect/Low Poly Ultimate Pack/04 - iceland.unity using Guid(3cad9c1a3d4d3a748b0e62b79bf51019) Importer(815301076,1909f56bfc062723c751e8b465ee728b)  -> (artifact id: '31a839e03cd90bbdd7a4ed2dffe7d746') in 0.001361 seconds 
  Import took 0.003960 seconds .

========================================================================
Received Import Request.
  Time since last request: 2.784426 seconds.
  path: Assets/polyperfect/Low Poly Ultimate Pack/05 - beach.unity
  artifactKey: Guid(507890436ffd50a449a1c234671f52e1) Importer(815301076,1909f56bfc062723c751e8b465ee728b)
Start importing Assets/polyperfect/Low Poly Ultimate Pack/05 - beach.unity using Guid(507890436ffd50a449a1c234671f52e1) Importer(815301076,1909f56bfc062723c751e8b465ee728b)  -> (artifact id: '75eb22e36de56b65af888f138c6f0444') in 0.001340 seconds 
  Import took 0.004083 seconds .

========================================================================
Received Import Request.
  Time since last request: 1.917038 seconds.
  path: Assets/polyperfect/Low Poly Ultimate Pack/06 - castle.unity
  artifactKey: Guid(6b5559adca910d540a4fe673a1727602) Importer(815301076,1909f56bfc062723c751e8b465ee728b)
Start importing Assets/polyperfect/Low Poly Ultimate Pack/06 - castle.unity using Guid(6b5559adca910d540a4fe673a1727602) Importer(815301076,1909f56bfc062723c751e8b465ee728b)  -> (artifact id: '327223b64c0963eaa156305c5c3e793c') in 0.001376 seconds 
  Import took 0.004022 seconds .

========================================================================
Received Import Request.
  Time since last request: 5.206022 seconds.
  path: Assets/polyperfect/Low Poly Ultimate Pack/07 - wildwest.unity
  artifactKey: Guid(e758c97783a787845bde3dc4ffd4405f) Importer(815301076,1909f56bfc062723c751e8b465ee728b)
Start importing Assets/polyperfect/Low Poly Ultimate Pack/07 - wildwest.unity using Guid(e758c97783a787845bde3dc4ffd4405f) Importer(815301076,1909f56bfc062723c751e8b465ee728b)  -> (artifact id: 'd5dfb4c1cd4c5494efcf518ae38ec9ca') in 0.001380 seconds 
  Import took 0.004000 seconds .

========================================================================
Received Import Request.
  Time since last request: 25.971424 seconds.
  path: Assets/polyperfect/Low Poly Ultimate Pack/08 - japan.unity
  artifactKey: Guid(ec7c1be41d59f42cd95eacc962767e02) Importer(815301076,1909f56bfc062723c751e8b465ee728b)
Start importing Assets/polyperfect/Low Poly Ultimate Pack/08 - japan.unity using Guid(ec7c1be41d59f42cd95eacc962767e02) Importer(815301076,1909f56bfc062723c751e8b465ee728b)  -> (artifact id: 'fd6688954595f62ffda5583d7d71a696') in 0.001359 seconds 
  Import took 0.003966 seconds .

========================================================================
Received Import Request.
  Time since last request: 2.518188 seconds.
  path: Assets/polyperfect/Low Poly Ultimate Pack/09 - dungeon.unity
  artifactKey: Guid(913ca2df02fcc401e87be58bf87e646f) Importer(815301076,1909f56bfc062723c751e8b465ee728b)
Start importing Assets/polyperfect/Low Poly Ultimate Pack/09 - dungeon.unity using Guid(913ca2df02fcc401e87be58bf87e646f) Importer(815301076,1909f56bfc062723c751e8b465ee728b)  -> (artifact id: 'd37bf0ce34bf7994187625b11e8305f3') in 0.001304 seconds 
  Import took 0.003939 seconds .

========================================================================
Received Import Request.
  Time since last request: 3.544069 seconds.
  path: Assets/polyperfect/Low Poly Ultimate Pack/10 - apocalypse.unity
  artifactKey: Guid(6f4a8e0b02db341dfbd3b02429834ab7) Importer(815301076,1909f56bfc062723c751e8b465ee728b)
Start importing Assets/polyperfect/Low Poly Ultimate Pack/10 - apocalypse.unity using Guid(6f4a8e0b02db341dfbd3b02429834ab7) Importer(815301076,1909f56bfc062723c751e8b465ee728b)  -> (artifact id: '60c267588b9b93247277d9b12550cc09') in 0.001349 seconds 
  Import took 0.003928 seconds .

========================================================================
Received Import Request.
  Time since last request: 2.221475 seconds.
  path: Assets/polyperfect/Low Poly Ultimate Pack/11 - suburban.unity
  artifactKey: Guid(64f9d3ed199864904899ff45e6d0c64d) Importer(815301076,1909f56bfc062723c751e8b465ee728b)
Start importing Assets/polyperfect/Low Poly Ultimate Pack/11 - suburban.unity using Guid(64f9d3ed199864904899ff45e6d0c64d) Importer(815301076,1909f56bfc062723c751e8b465ee728b)  -> (artifact id: '93213c93be3118d0d842195acec0cc03') in 0.001195 seconds 
  Import took 0.003454 seconds .

========================================================================
Received Import Request.
  Time since last request: 4.032606 seconds.
  path: Assets/polyperfect/Low Poly Ultimate Pack/11 - suburbanSettings.lighting
  artifactKey: Guid(ddf31697501324b23978155a1f7162f6) Importer(815301076,1909f56bfc062723c751e8b465ee728b)
Start importing Assets/polyperfect/Low Poly Ultimate Pack/11 - suburbanSettings.lighting using Guid(ddf31697501324b23978155a1f7162f6) Importer(815301076,1909f56bfc062723c751e8b465ee728b) LightingSettings: switching bake backend from 1 to 0.
 -> (artifact id: '5f7e558c61cd354bebd0e26a302bc9da') in 1.029271 seconds 
  Import took 1.031811 seconds .

========================================================================
Received Import Request.
  Time since last request: 8.001022 seconds.
  path: Assets/polyperfect/Low Poly Ultimate Pack/01 - itemsSettings.lighting
  artifactKey: Guid(3cd3fb785da5041d389e343a2a8b84fd) Importer(815301076,1909f56bfc062723c751e8b465ee728b)
Start importing Assets/polyperfect/Low Poly Ultimate Pack/01 - itemsSettings.lighting using Guid(3cd3fb785da5041d389e343a2a8b84fd) Importer(815301076,1909f56bfc062723c751e8b465ee728b) LightingSettings: switching bake backend from 1 to 0.
 -> (artifact id: '358f4fce020bb84f0623880fd151e771') in 0.002381 seconds 
  Import took 0.005071 seconds .

========================================================================
Received Import Request.
  Time since last request: 38.381635 seconds.
  path: Assets/polyperfect/Low Poly Ultimate Pack/- Terrains
  artifactKey: Guid(ce5dc8be6e3ad44488e4acf8854aa737) Importer(815301076,1909f56bfc062723c751e8b465ee728b)
Start importing Assets/polyperfect/Low Poly Ultimate Pack/- Terrains using Guid(ce5dc8be6e3ad44488e4acf8854aa737) Importer(815301076,1909f56bfc062723c751e8b465ee728b)  -> (artifact id: '61d1ffda3b1f6209ddb7ca16d93ea6a7') in 0.001005 seconds 
  Import took 0.003272 seconds .

========================================================================
Received Import Request.
  Time since last request: 0.079115 seconds.
  path: Assets/polyperfect/Low Poly Ultimate Pack/- Terrains/07 - wildwest.asset
  artifactKey: Guid(ede8e9b58408549e5bca44392e631d39) Importer(815301076,1909f56bfc062723c751e8b465ee728b)
Start importing Assets/polyperfect/Low Poly Ultimate Pack/- Terrains/07 - wildwest.asset using Guid(ede8e9b58408549e5bca44392e631d39) Importer(815301076,1909f56bfc062723c751e8b465ee728b)  -> (artifact id: '7cb1a6cf4f8173d3c689463a88cc93a8') in 0.406771 seconds 
  Import took 0.409653 seconds .

========================================================================
Received Import Request.
  Time since last request: 2.971412 seconds.
  path: Assets/polyperfect/Low Poly Ultimate Pack/- Materials
  artifactKey: Guid(3baaa3c0cc1516d439fdb8d4f1077c22) Importer(815301076,1909f56bfc062723c751e8b465ee728b)
Start importing Assets/polyperfect/Low Poly Ultimate Pack/- Materials using Guid(3baaa3c0cc1516d439fdb8d4f1077c22) Importer(815301076,1909f56bfc062723c751e8b465ee728b)  -> (artifact id: 'd9cedfd253995836720cb3e1934bef6c') in 0.001015 seconds 
  Import took 0.003555 seconds .

========================================================================
Received Import Request.
  Time since last request: 11.327935 seconds.
  path: Assets/polyperfect/Low Poly Ultimate Pack/- Materials/LOW-POLY-COLORS.mat
  artifactKey: Guid(03ddc7e460b33402eb7640fab3881ac9) Importer(815301076,1909f56bfc062723c751e8b465ee728b)
Start importing Assets/polyperfect/Low Poly Ultimate Pack/- Materials/LOW-POLY-COLORS.mat using Guid(03ddc7e460b33402eb7640fab3881ac9) Importer(815301076,1909f56bfc062723c751e8b465ee728b)  -> (artifact id: '6ba7f128f8f99da3289e8422e718a754') in 0.404196 seconds 
  Import took 0.406750 seconds .

========================================================================
Received Import Request.
  Time since last request: 1.156885 seconds.
  path: Assets/polyperfect/Low Poly Ultimate Pack/- Materials/Colors
  artifactKey: Guid(eb8e7ed17d4f24ef2bcf459d0c920fb1) Importer(815301076,1909f56bfc062723c751e8b465ee728b)
Start importing Assets/polyperfect/Low Poly Ultimate Pack/- Materials/Colors using Guid(eb8e7ed17d4f24ef2bcf459d0c920fb1) Importer(815301076,1909f56bfc062723c751e8b465ee728b)  -> (artifact id: '642da6678199231de14eb2f485d4120a') in 0.001034 seconds 
  Import took 0.003610 seconds .

========================================================================
Received Import Request.
  Time since last request: 0.084958 seconds.
  path: Assets/polyperfect/Low Poly Ultimate Pack/- Materials/Colors/1 SKIN-DARKEST.mat
  artifactKey: Guid(7e05ef7409d694c74a16dec33c316bd7) Importer(815301076,1909f56bfc062723c751e8b465ee728b)
Start importing Assets/polyperfect/Low Poly Ultimate Pack/- Materials/Colors/1 SKIN-DARKEST.mat using Guid(7e05ef7409d694c74a16dec33c316bd7) Importer(815301076,1909f56bfc062723c751e8b465ee728b)  -> (artifact id: '27bbe92c20f4bdc8e4d0a023a0079772') in 0.082809 seconds 
  Import took 0.085354 seconds .

========================================================================
Received Import Request.
  Time since last request: 0.000240 seconds.
  path: Assets/polyperfect/Low Poly Ultimate Pack/- Materials/Colors/43 BLUE-MEDIUM.mat
  artifactKey: Guid(4ea8e2de4ac6b564c98a36f67a2ad64f) Importer(815301076,1909f56bfc062723c751e8b465ee728b)
Start importing Assets/polyperfect/Low Poly Ultimate Pack/- Materials/Colors/43 BLUE-MEDIUM.mat using Guid(4ea8e2de4ac6b564c98a36f67a2ad64f) Importer(815301076,1909f56bfc062723c751e8b465ee728b)  -> (artifact id: '6f0811b0d2c295cd49f25f34df51cc93') in 0.008007 seconds 
  Import took 0.010102 seconds .

========================================================================
Received Import Request.
  Time since last request: 0.000177 seconds.
  path: Assets/polyperfect/Low Poly Ultimate Pack/- Materials/Colors/44 BLUE.mat
  artifactKey: Guid(0d337a70f9e175348909eb917056c239) Importer(815301076,1909f56bfc062723c751e8b465ee728b)
Start importing Assets/polyperfect/Low Poly Ultimate Pack/- Materials/Colors/44 BLUE.mat using Guid(0d337a70f9e175348909eb917056c239) Importer(815301076,1909f56bfc062723c751e8b465ee728b)  -> (artifact id: '1ec69ef81b6a6623f5d0ffd3cf1b1363') in 0.012946 seconds 
  Import took 0.015198 seconds .

========================================================================
Received Import Request.
  Time since last request: 0.000174 seconds.
  path: Assets/polyperfect/Low Poly Ultimate Pack/- Materials/Colors/7 SKIN-WHITE.mat
  artifactKey: Guid(816a1e9d58d34d34b85cfabc577a2fa4) Importer(815301076,1909f56bfc062723c751e8b465ee728b)
Start importing Assets/polyperfect/Low Poly Ultimate Pack/- Materials/Colors/7 SKIN-WHITE.mat using Guid(816a1e9d58d34d34b85cfabc577a2fa4) Importer(815301076,1909f56bfc062723c751e8b465ee728b)  -> (artifact id: '78ba273c2c062fcdd2238efc7f6b33aa') in 0.019377 seconds 
  Import took 0.021541 seconds .

========================================================================
Received Import Request.
  Time since last request: 0.000204 seconds.
  path: Assets/polyperfect/Low Poly Ultimate Pack/- Materials/Colors/64 GLASS.mat
  artifactKey: Guid(ffce2a7e1519d465684f3f97da456fa9) Importer(815301076,1909f56bfc062723c751e8b465ee728b)
Start importing Assets/polyperfect/Low Poly Ultimate Pack/- Materials/Colors/64 GLASS.mat using Guid(ffce2a7e1519d465684f3f97da456fa9) Importer(815301076,1909f56bfc062723c751e8b465ee728b)  -> (artifact id: '00009b3e381dfbda39b2e98b546e0166') in 0.314532 seconds 
  Import took 0.316760 seconds .

========================================================================
Received Import Request.
  Time since last request: 0.000239 seconds.
  path: Assets/polyperfect/Low Poly Ultimate Pack/- Materials/Colors/5 SKIN-LIGHT.mat
  artifactKey: Guid(284c356f2f17a644380d230a1abff44b) Importer(815301076,1909f56bfc062723c751e8b465ee728b)
Start importing Assets/polyperfect/Low Poly Ultimate Pack/- Materials/Colors/5 SKIN-LIGHT.mat using Guid(284c356f2f17a644380d230a1abff44b) Importer(815301076,1909f56bfc062723c751e8b465ee728b)  -> (artifact id: '6b6896e4bacda3bbd16325d4f66d1760') in 0.006824 seconds 
  Import took 0.008963 seconds .

========================================================================
Received Import Request.
  Time since last request: 0.000275 seconds.
  path: Assets/polyperfect/Low Poly Ultimate Pack/- Materials/Colors/19 GREY-MEDIUM.mat
  artifactKey: Guid(64a4684ba67ced04c811f6174e678a22) Importer(815301076,1909f56bfc062723c751e8b465ee728b)
Start importing Assets/polyperfect/Low Poly Ultimate Pack/- Materials/Colors/19 GREY-MEDIUM.mat using Guid(64a4684ba67ced04c811f6174e678a22) Importer(815301076,1909f56bfc062723c751e8b465ee728b)  -> (artifact id: '77f0a42e38a2bfe82f11ee5960add092') in 0.010765 seconds 
  Import took 0.013286 seconds .

========================================================================
Received Import Request.
  Time since last request: 0.000183 seconds.
  path: Assets/polyperfect/Low Poly Ultimate Pack/- Materials/Colors/37 GREEN-LIGHT.mat
  artifactKey: Guid(d41a8bca790345f49b3ae205465ff2f8) Importer(815301076,1909f56bfc062723c751e8b465ee728b)
Start importing Assets/polyperfect/Low Poly Ultimate Pack/- Materials/Colors/37 GREEN-LIGHT.mat using Guid(d41a8bca790345f49b3ae205465ff2f8) Importer(815301076,1909f56bfc062723c751e8b465ee728b)  -> (artifact id: 'd0c6921796f13291790631d45d56f289') in 0.019330 seconds 
  Import took 0.021526 seconds .

========================================================================
Received Import Request.
  Time since last request: 0.000210 seconds.
  path: Assets/polyperfect/Low Poly Ultimate Pack/- Materials/Colors/34 GREEN-DARK.mat
  artifactKey: Guid(2a9bcab9060d28d468fc3c4d93775e7d) Importer(815301076,1909f56bfc062723c751e8b465ee728b)
Start importing Assets/polyperfect/Low Poly Ultimate Pack/- Materials/Colors/34 GREEN-DARK.mat using Guid(2a9bcab9060d28d468fc3c4d93775e7d) Importer(815301076,1909f56bfc062723c751e8b465ee728b)  -> (artifact id: '7207e8db8b1750c75da4d14b0e35c109') in 0.006000 seconds 
  Import took 0.008240 seconds .

========================================================================
Received Import Request.
  Time since last request: 0.000183 seconds.
  path: Assets/polyperfect/Low Poly Ultimate Pack/- Materials/Colors/50 PINK-DARK.mat
  artifactKey: Guid(be11bb95eeb9f45e2a4ab7d03f51b6a0) Importer(815301076,1909f56bfc062723c751e8b465ee728b)
Start importing Assets/polyperfect/Low Poly Ultimate Pack/- Materials/Colors/50 PINK-DARK.mat using Guid(be11bb95eeb9f45e2a4ab7d03f51b6a0) Importer(815301076,1909f56bfc062723c751e8b465ee728b)  -> (artifact id: '226b65dfaa4f92a9866dd0e55b54a0e1') in 0.006105 seconds 
  Import took 0.008314 seconds .

========================================================================
Received Import Request.
  Time since last request: 0.000177 seconds.
  path: Assets/polyperfect/Low Poly Ultimate Pack/- Materials/Colors/39 GREEN-WHITE.mat
  artifactKey: Guid(668dd8403bdfc6347a3f5b1c412defa1) Importer(815301076,1909f56bfc062723c751e8b465ee728b)
Start importing Assets/polyperfect/Low Poly Ultimate Pack/- Materials/Colors/39 GREEN-WHITE.mat using Guid(668dd8403bdfc6347a3f5b1c412defa1) Importer(815301076,1909f56bfc062723c751e8b465ee728b)  -> (artifact id: 'e635f90e43e51d0a0f152378a4f70967') in 0.005976 seconds 
  Import took 0.008109 seconds .

========================================================================
Received Import Request.
  Time since last request: 0.000303 seconds.
  path: Assets/polyperfect/Low Poly Ultimate Pack/- Materials/Colors/31 YELLOW-LIGHT.mat
  artifactKey: Guid(a6c5db515b4e26a468041e9e22e41af4) Importer(815301076,1909f56bfc062723c751e8b465ee728b)
Start importing Assets/polyperfect/Low Poly Ultimate Pack/- Materials/Colors/31 YELLOW-LIGHT.mat using Guid(a6c5db515b4e26a468041e9e22e41af4) Importer(815301076,1909f56bfc062723c751e8b465ee728b)  -> (artifact id: '01a7f31f4a565468d9d5a19c5cbe1a6f') in 0.006394 seconds 
  Import took 0.008863 seconds .

========================================================================
Received Import Request.
  Time since last request: 0.000240 seconds.
  path: Assets/polyperfect/Low Poly Ultimate Pack/- Materials/Colors/42 BLUE-DARK.mat
  artifactKey: Guid(b064f99cf70b44e47a02b3c08c5bafb5) Importer(815301076,1909f56bfc062723c751e8b465ee728b)
Start importing Assets/polyperfect/Low Poly Ultimate Pack/- Materials/Colors/42 BLUE-DARK.mat using Guid(b064f99cf70b44e47a02b3c08c5bafb5) Importer(815301076,1909f56bfc062723c751e8b465ee728b)  -> (artifact id: '4bcdec39ad96fd68c20c9ebb4a57a212') in 0.007884 seconds 
  Import took 0.010217 seconds .

========================================================================
Received Import Request.
  Time since last request: 0.000195 seconds.
  path: Assets/polyperfect/Low Poly Ultimate Pack/- Materials/Colors/52 PINK.mat
  artifactKey: Guid(c44501de50bef411e8f88b70fe39490e) Importer(815301076,1909f56bfc062723c751e8b465ee728b)
Start importing Assets/polyperfect/Low Poly Ultimate Pack/- Materials/Colors/52 PINK.mat using Guid(c44501de50bef411e8f88b70fe39490e) Importer(815301076,1909f56bfc062723c751e8b465ee728b)  -> (artifact id: '9ef69ebaf60d9cfae9d07a8ef75d855c') in 0.007010 seconds 
  Import took 0.009297 seconds .

========================================================================
Received Import Request.
  Time since last request: 0.000220 seconds.
  path: Assets/polyperfect/Low Poly Ultimate Pack/- Materials/Colors/11 BROWN-MEDIUM.mat
  artifactKey: Guid(0de74cacf6310c64ca1b6862ba4b219c) Importer(815301076,1909f56bfc062723c751e8b465ee728b)
Start importing Assets/polyperfect/Low Poly Ultimate Pack/- Materials/Colors/11 BROWN-MEDIUM.mat using Guid(0de74cacf6310c64ca1b6862ba4b219c) Importer(815301076,1909f56bfc062723c751e8b465ee728b)  -> (artifact id: 'b72f163b94b7fb51e4c2d542cbbbe625') in 0.006598 seconds 
  Import took 0.008882 seconds .

========================================================================
Received Import Request.
  Time since last request: 0.000223 seconds.
  path: Assets/polyperfect/Low Poly Ultimate Pack/- Materials/Colors/10 BROWN-DARK.mat
  artifactKey: Guid(6e3ac6e47b4d7a44685dfef9bf209413) Importer(815301076,1909f56bfc062723c751e8b465ee728b)
Start importing Assets/polyperfect/Low Poly Ultimate Pack/- Materials/Colors/10 BROWN-DARK.mat using Guid(6e3ac6e47b4d7a44685dfef9bf209413) Importer(815301076,1909f56bfc062723c751e8b465ee728b)  -> (artifact id: '41b22e87c68dfd2fcaf1c894816d76a0') in 0.006318 seconds 
  Import took 0.008679 seconds .

========================================================================
Received Import Request.
  Time since last request: 0.000185 seconds.
  path: Assets/polyperfect/Low Poly Ultimate Pack/- Materials/Colors/58 WHITE.mat
  artifactKey: Guid(11a8c080607cf47c299aff53087e0334) Importer(815301076,1909f56bfc062723c751e8b465ee728b)
Start importing Assets/polyperfect/Low Poly Ultimate Pack/- Materials/Colors/58 WHITE.mat using Guid(11a8c080607cf47c299aff53087e0334) Importer(815301076,1909f56bfc062723c751e8b465ee728b)  -> (artifact id: '82d811801ef7ce2a5ebe4692a8726be5') in 0.006012 seconds 
  Import took 0.008295 seconds .

========================================================================
Received Import Request.
  Time since last request: 0.000191 seconds.
  path: Assets/polyperfect/Low Poly Ultimate Pack/- Materials/Colors/53 PINK-LIGHT.mat
  artifactKey: Guid(cc039e4bd41a440f793d0b9f704387d3) Importer(815301076,1909f56bfc062723c751e8b465ee728b)
Start importing Assets/polyperfect/Low Poly Ultimate Pack/- Materials/Colors/53 PINK-LIGHT.mat using Guid(cc039e4bd41a440f793d0b9f704387d3) Importer(815301076,1909f56bfc062723c751e8b465ee728b)  -> (artifact id: '9a16e7d339803be931f6b327dc3b667b') in 0.006508 seconds 
  Import took 0.008722 seconds .

========================================================================
Received Import Request.
  Time since last request: 0.000180 seconds.
  path: Assets/polyperfect/Low Poly Ultimate Pack/- Materials/Colors/20 GREY.mat
  artifactKey: Guid(5fe0aebe85b574b4a94e74712f0aa915) Importer(815301076,1909f56bfc062723c751e8b465ee728b)
Start importing Assets/polyperfect/Low Poly Ultimate Pack/- Materials/Colors/20 GREY.mat using Guid(5fe0aebe85b574b4a94e74712f0aa915) Importer(815301076,1909f56bfc062723c751e8b465ee728b)  -> (artifact id: 'c141dae0e573d728fd4bbb5643e0933a') in 0.006458 seconds 
  Import took 0.008735 seconds .

========================================================================
Received Import Request.
  Time since last request: 0.000188 seconds.
  path: Assets/polyperfect/Low Poly Ultimate Pack/- Materials/Colors/26 RED-DARK.mat
  artifactKey: Guid(48b31daa83ddb854fadd9402702394e4) Importer(815301076,1909f56bfc062723c751e8b465ee728b)
Start importing Assets/polyperfect/Low Poly Ultimate Pack/- Materials/Colors/26 RED-DARK.mat using Guid(48b31daa83ddb854fadd9402702394e4) Importer(815301076,1909f56bfc062723c751e8b465ee728b)  -> (artifact id: 'b8889940f2e2987c0a736136b58bed15') in 0.006234 seconds 
  Import took 0.008552 seconds .

========================================================================
Received Import Request.
  Time since last request: 0.000193 seconds.
  path: Assets/polyperfect/Low Poly Ultimate Pack/- Materials/Colors/14 BROWN LIGHTEST.mat
  artifactKey: Guid(a7862d5615928c34e868320de65c2777) Importer(815301076,1909f56bfc062723c751e8b465ee728b)
Start importing Assets/polyperfect/Low Poly Ultimate Pack/- Materials/Colors/14 BROWN LIGHTEST.mat using Guid(a7862d5615928c34e868320de65c2777) Importer(815301076,1909f56bfc062723c751e8b465ee728b)  -> (artifact id: '8d5834188f9b632848701b6ea0d78c3f') in 0.006240 seconds 
  Import took 0.008508 seconds .

========================================================================
Received Import Request.
  Time since last request: 0.000250 seconds.
  path: Assets/polyperfect/Low Poly Ultimate Pack/- Materials/Colors/9 BROWN-DARKEST.mat
  artifactKey: Guid(3b20fc9e84b968641b7312bdcdd1ffd8) Importer(815301076,1909f56bfc062723c751e8b465ee728b)
Start importing Assets/polyperfect/Low Poly Ultimate Pack/- Materials/Colors/9 BROWN-DARKEST.mat using Guid(3b20fc9e84b968641b7312bdcdd1ffd8) Importer(815301076,1909f56bfc062723c751e8b465ee728b)  -> (artifact id: '21966f9f2d1ec24f79b3bbb1107224ff') in 0.006092 seconds 
  Import took 0.008438 seconds .

========================================================================
Received Import Request.
  Time since last request: 0.000179 seconds.
  path: Assets/polyperfect/Low Poly Ultimate Pack/- Materials/Colors/12 BROWN.mat
  artifactKey: Guid(d07dc9a550022a74792d211f343e0b16) Importer(815301076,1909f56bfc062723c751e8b465ee728b)
Start importing Assets/polyperfect/Low Poly Ultimate Pack/- Materials/Colors/12 BROWN.mat using Guid(d07dc9a550022a74792d211f343e0b16) Importer(815301076,1909f56bfc062723c751e8b465ee728b)  -> (artifact id: '05a3a6d967b08bc262a7385a43d17acc') in 0.007924 seconds 
  Import took 0.010444 seconds .

========================================================================
Received Import Request.
  Time since last request: 0.000241 seconds.
  path: Assets/polyperfect/Low Poly Ultimate Pack/- Materials/Colors/57 BLACK.mat
  artifactKey: Guid(66c05709e04ed42a3a537ad26aca9cb8) Importer(815301076,1909f56bfc062723c751e8b465ee728b)
Start importing Assets/polyperfect/Low Poly Ultimate Pack/- Materials/Colors/57 BLACK.mat using Guid(66c05709e04ed42a3a537ad26aca9cb8) Importer(815301076,1909f56bfc062723c751e8b465ee728b)  -> (artifact id: 'a8c84c3d2edc80dcf5345ed317ec8bfc') in 0.006100 seconds 
  Import took 0.008564 seconds .

========================================================================
Received Import Request.
  Time since last request: 0.000198 seconds.
  path: Assets/polyperfect/Low Poly Ultimate Pack/- Materials/Colors/4 SKIN.mat
  artifactKey: Guid(e4149755fc1d98a498388cedff353ea8) Importer(815301076,1909f56bfc062723c751e8b465ee728b)
Start importing Assets/polyperfect/Low Poly Ultimate Pack/- Materials/Colors/4 SKIN.mat using Guid(e4149755fc1d98a498388cedff353ea8) Importer(815301076,1909f56bfc062723c751e8b465ee728b)  -> (artifact id: '014fdda9c492feb0031ad5012b57bcb7') in 0.006078 seconds 
  Import took 0.008289 seconds .

========================================================================
Received Import Request.
  Time since last request: 0.000174 seconds.
  path: Assets/polyperfect/Low Poly Ultimate Pack/- Materials/Colors/35 GREEN-MEDIUM.mat
  artifactKey: Guid(87ff71ffc286b91449d2296928632aed) Importer(815301076,1909f56bfc062723c751e8b465ee728b)
Start importing Assets/polyperfect/Low Poly Ultimate Pack/- Materials/Colors/35 GREEN-MEDIUM.mat using Guid(87ff71ffc286b91449d2296928632aed) Importer(815301076,1909f56bfc062723c751e8b465ee728b)  -> (artifact id: '68dc51ce12b45bfb20dfb655ca3075e5') in 0.007100 seconds 
  Import took 0.009304 seconds .

========================================================================
Received Import Request.
  Time since last request: 0.000190 seconds.
  path: Assets/polyperfect/Low Poly Ultimate Pack/- Materials/Colors/49 PINK-DARKEST.mat
  artifactKey: Guid(29a84e950ada74848bd4591f0b64bf4d) Importer(815301076,1909f56bfc062723c751e8b465ee728b)
Start importing Assets/polyperfect/Low Poly Ultimate Pack/- Materials/Colors/49 PINK-DARKEST.mat using Guid(29a84e950ada74848bd4591f0b64bf4d) Importer(815301076,1909f56bfc062723c751e8b465ee728b)  -> (artifact id: 'a716a1e60417f092f0fed7a043408792') in 0.005881 seconds 
  Import took 0.008148 seconds .

========================================================================
Received Import Request.
  Time since last request: 0.000198 seconds.
  path: Assets/polyperfect/Low Poly Ultimate Pack/- Materials/Colors/28 ORANGE.mat
  artifactKey: Guid(700ae469e5be9ac4095d29b97116027a) Importer(815301076,1909f56bfc062723c751e8b465ee728b)
Start importing Assets/polyperfect/Low Poly Ultimate Pack/- Materials/Colors/28 ORANGE.mat using Guid(700ae469e5be9ac4095d29b97116027a) Importer(815301076,1909f56bfc062723c751e8b465ee728b)  -> (artifact id: '7f065f7907bb713a9205442d52d5b20a') in 0.006381 seconds 
  Import took 0.008573 seconds .

========================================================================
Received Import Request.
  Time since last request: 0.000176 seconds.
  path: Assets/polyperfect/Low Poly Ultimate Pack/- Materials/Colors/36 GREEN.mat
  artifactKey: Guid(fb045539f4b18a242aca8e57e88c5cd7) Importer(815301076,1909f56bfc062723c751e8b465ee728b)
Start importing Assets/polyperfect/Low Poly Ultimate Pack/- Materials/Colors/36 GREEN.mat using Guid(fb045539f4b18a242aca8e57e88c5cd7) Importer(815301076,1909f56bfc062723c751e8b465ee728b)  -> (artifact id: '2338968115e740584ff724ebc57825a4') in 0.007667 seconds 
  Import took 0.009966 seconds .

========================================================================
Received Import Request.
  Time since last request: 0.000205 seconds.
  path: Assets/polyperfect/Low Poly Ultimate Pack/- Materials/Colors/29 ORANGE-LIGHT.mat
  artifactKey: Guid(2768469f7f5282a4282f61dbf62e68e2) Importer(815301076,1909f56bfc062723c751e8b465ee728b)
Start importing Assets/polyperfect/Low Poly Ultimate Pack/- Materials/Colors/29 ORANGE-LIGHT.mat using Guid(2768469f7f5282a4282f61dbf62e68e2) Importer(815301076,1909f56bfc062723c751e8b465ee728b)  -> (artifact id: '006bab9215a4bd7ff5ed264afd71131f') in 0.007039 seconds 
  Import took 0.009315 seconds .

========================================================================
Received Import Request.
  Time since last request: 0.000197 seconds.
  path: Assets/polyperfect/Low Poly Ultimate Pack/- Materials/Colors/18 GREY-DARK.mat
  artifactKey: Guid(40a353f6117398145a3e785d9854de93) Importer(815301076,1909f56bfc062723c751e8b465ee728b)
Start importing Assets/polyperfect/Low Poly Ultimate Pack/- Materials/Colors/18 GREY-DARK.mat using Guid(40a353f6117398145a3e785d9854de93) Importer(815301076,1909f56bfc062723c751e8b465ee728b)  -> (artifact id: '05430b178f2b118be0c818f5f0327fda') in 0.006042 seconds 
  Import took 0.008445 seconds .

========================================================================
Received Import Request.
  Time since last request: 0.000237 seconds.
  path: Assets/polyperfect/Low Poly Ultimate Pack/- Materials/Colors/25 RED-DARKEST.mat
  artifactKey: Guid(4b6c16c8bf29c9e40bc66796d0674b6e) Importer(815301076,1909f56bfc062723c751e8b465ee728b)
Start importing Assets/polyperfect/Low Poly Ultimate Pack/- Materials/Colors/25 RED-DARKEST.mat using Guid(4b6c16c8bf29c9e40bc66796d0674b6e) Importer(815301076,1909f56bfc062723c751e8b465ee728b)  -> (artifact id: '30f4262026c8c7f5305e5b0ea91212ac') in 0.007759 seconds 
  Import took 0.010032 seconds .

========================================================================
Received Import Request.
  Time since last request: 0.000203 seconds.
  path: Assets/polyperfect/Low Poly Ultimate Pack/- Materials/Colors/46 BLUE-LIGHEST.mat
  artifactKey: Guid(b9bae1e20222386438bc64a9a3089d03) Importer(815301076,1909f56bfc062723c751e8b465ee728b)
Start importing Assets/polyperfect/Low Poly Ultimate Pack/- Materials/Colors/46 BLUE-LIGHEST.mat using Guid(b9bae1e20222386438bc64a9a3089d03) Importer(815301076,1909f56bfc062723c751e8b465ee728b)  -> (artifact id: '3429cd7536e11718ec1bfd1575682c51') in 0.006459 seconds 
  Import took 0.008795 seconds .

========================================================================
Received Import Request.
  Time since last request: 0.000201 seconds.
  path: Assets/polyperfect/Low Poly Ultimate Pack/- Materials/Colors/22 GREY-LIGHTEST.mat
  artifactKey: Guid(c413883b1f5da43f595f8475353613de) Importer(815301076,1909f56bfc062723c751e8b465ee728b)
Start importing Assets/polyperfect/Low Poly Ultimate Pack/- Materials/Colors/22 GREY-LIGHTEST.mat using Guid(c413883b1f5da43f595f8475353613de) Importer(815301076,1909f56bfc062723c751e8b465ee728b)  -> (artifact id: '8620bfc52f534938edc753a02e6694ba') in 0.006545 seconds 
  Import took 0.008808 seconds .

========================================================================
Received Import Request.
  Time since last request: 0.000180 seconds.
  path: Assets/polyperfect/Low Poly Ultimate Pack/- Materials/Colors/30 YELLOW.mat
  artifactKey: Guid(42caffe1132386f4daa037a9663088b9) Importer(815301076,1909f56bfc062723c751e8b465ee728b)
Start importing Assets/polyperfect/Low Poly Ultimate Pack/- Materials/Colors/30 YELLOW.mat using Guid(42caffe1132386f4daa037a9663088b9) Importer(815301076,1909f56bfc062723c751e8b465ee728b)  -> (artifact id: '1cb558adbf873f8c64ff7a4a44133e3d') in 0.007029 seconds 
  Import took 0.009207 seconds .

========================================================================
Received Import Request.
  Time since last request: 0.000187 seconds.
  path: Assets/polyperfect/Low Poly Ultimate Pack/- Materials/Colors/17 GREY-DARKEST.mat
  artifactKey: Guid(c48ed0c67054fc24da0ac1cced5a308c) Importer(815301076,1909f56bfc062723c751e8b465ee728b)
Start importing Assets/polyperfect/Low Poly Ultimate Pack/- Materials/Colors/17 GREY-DARKEST.mat using Guid(c48ed0c67054fc24da0ac1cced5a308c) Importer(815301076,1909f56bfc062723c751e8b465ee728b)  -> (artifact id: '3de91b2c3c07d51eb8d2559405a301bb') in 0.005871 seconds 
  Import took 0.008116 seconds .

========================================================================
Received Import Request.
  Time since last request: 0.000186 seconds.
  path: Assets/polyperfect/Low Poly Ultimate Pack/- Materials/Colors/45 BLUE-LIGHT.mat
  artifactKey: Guid(6a1a1ff74be63374aa9c17b8e7395b39) Importer(815301076,1909f56bfc062723c751e8b465ee728b)
Start importing Assets/polyperfect/Low Poly Ultimate Pack/- Materials/Colors/45 BLUE-LIGHT.mat using Guid(6a1a1ff74be63374aa9c17b8e7395b39) Importer(815301076,1909f56bfc062723c751e8b465ee728b)  -> (artifact id: 'e619fd60d55d2b977d1689d90f8841d6') in 0.007258 seconds 
  Import took 0.009479 seconds .

========================================================================
Received Import Request.
  Time since last request: 0.000188 seconds.
  path: Assets/polyperfect/Low Poly Ultimate Pack/- Materials/Colors/47 BLUE-WHITE.mat
  artifactKey: Guid(5f35ae9530edec84085e28d4c3302e29) Importer(815301076,1909f56bfc062723c751e8b465ee728b)
Start importing Assets/polyperfect/Low Poly Ultimate Pack/- Materials/Colors/47 BLUE-WHITE.mat using Guid(5f35ae9530edec84085e28d4c3302e29) Importer(815301076,1909f56bfc062723c751e8b465ee728b)  -> (artifact id: '27c1795bb963c75053253a02a5b4dc18') in 0.006094 seconds 
  Import took 0.008315 seconds .

========================================================================
Received Import Request.
  Time since last request: 0.000281 seconds.
  path: Assets/polyperfect/Low Poly Ultimate Pack/- Materials/Colors/38 GREEN-LIGHTEST.mat
  artifactKey: Guid(7bcfec495539b3b4ba46f415eebf76ff) Importer(815301076,1909f56bfc062723c751e8b465ee728b)
Start importing Assets/polyperfect/Low Poly Ultimate Pack/- Materials/Colors/38 GREEN-LIGHTEST.mat using Guid(7bcfec495539b3b4ba46f415eebf76ff) Importer(815301076,1909f56bfc062723c751e8b465ee728b)  -> (artifact id: '1f58c77c4ccfc7ba0eac62c72b92b636') in 0.006750 seconds 
  Import took 0.009147 seconds .

========================================================================
Received Import Request.
  Time since last request: 0.000186 seconds.
  path: Assets/polyperfect/Low Poly Ultimate Pack/- Materials/Colors/6 SKIN-LIGHTEST.mat
  artifactKey: Guid(d8b3608c06351da4f8e09a879c0ddc66) Importer(815301076,1909f56bfc062723c751e8b465ee728b)
Start importing Assets/polyperfect/Low Poly Ultimate Pack/- Materials/Colors/6 SKIN-LIGHTEST.mat using Guid(d8b3608c06351da4f8e09a879c0ddc66) Importer(815301076,1909f56bfc062723c751e8b465ee728b)  -> (artifact id: '32815fdada837541f8d987112af059b0') in 0.006179 seconds 
  Import took 0.008526 seconds .

========================================================================
Received Import Request.
  Time since last request: 0.000203 seconds.
  path: Assets/polyperfect/Low Poly Ultimate Pack/- Materials/Colors/41 BLUE-DARKEST.mat
  artifactKey: Guid(d5077596fd03948479386c08b1c99fd1) Importer(815301076,1909f56bfc062723c751e8b465ee728b)
Start importing Assets/polyperfect/Low Poly Ultimate Pack/- Materials/Colors/41 BLUE-DARKEST.mat using Guid(d5077596fd03948479386c08b1c99fd1) Importer(815301076,1909f56bfc062723c751e8b465ee728b)  -> (artifact id: 'bda16377b9bc0195245bb0aa1bcfc695') in 0.005911 seconds 
  Import took 0.008190 seconds .

========================================================================
Received Import Request.
  Time since last request: 0.000174 seconds.
  path: Assets/polyperfect/Low Poly Ultimate Pack/- Materials/Colors/21 GREY-LIGHT.mat
  artifactKey: Guid(31b29cea830e0e24da72018652e5ed31) Importer(815301076,1909f56bfc062723c751e8b465ee728b)
Start importing Assets/polyperfect/Low Poly Ultimate Pack/- Materials/Colors/21 GREY-LIGHT.mat using Guid(31b29cea830e0e24da72018652e5ed31) Importer(815301076,1909f56bfc062723c751e8b465ee728b)  -> (artifact id: 'd04de5d589a42579829b21472b9f2ee3') in 0.005843 seconds 
  Import took 0.008174 seconds .

========================================================================
Received Import Request.
  Time since last request: 0.000204 seconds.
  path: Assets/polyperfect/Low Poly Ultimate Pack/- Materials/Colors/3 SKIN-MEDIUM.mat
  artifactKey: Guid(1fff089ce117d4f04a4c4fb00168f400) Importer(815301076,1909f56bfc062723c751e8b465ee728b)
Start importing Assets/polyperfect/Low Poly Ultimate Pack/- Materials/Colors/3 SKIN-MEDIUM.mat using Guid(1fff089ce117d4f04a4c4fb00168f400) Importer(815301076,1909f56bfc062723c751e8b465ee728b)  -> (artifact id: 'ba479dc084f37497a48a0d3da1ce6595') in 0.006075 seconds 
  Import took 0.008286 seconds .

========================================================================
Received Import Request.
  Time since last request: 0.000183 seconds.
  path: Assets/polyperfect/Low Poly Ultimate Pack/- Materials/Colors/27 RED.mat
  artifactKey: Guid(1d41f8c57e738e44f9f12fc053be388c) Importer(815301076,1909f56bfc062723c751e8b465ee728b)
Start importing Assets/polyperfect/Low Poly Ultimate Pack/- Materials/Colors/27 RED.mat using Guid(1d41f8c57e738e44f9f12fc053be388c) Importer(815301076,1909f56bfc062723c751e8b465ee728b)  -> (artifact id: 'eb2b7fb47ac577cdedd777413506266f') in 0.006197 seconds 
  Import took 0.008633 seconds .

========================================================================
Received Import Request.
  Time since last request: 0.000232 seconds.
  path: Assets/polyperfect/Low Poly Ultimate Pack/- Materials/Colors/15 BROWN-WHITE.mat
  artifactKey: Guid(f9c4a99059a34d842b70997d0245fde2) Importer(815301076,1909f56bfc062723c751e8b465ee728b)
Start importing Assets/polyperfect/Low Poly Ultimate Pack/- Materials/Colors/15 BROWN-WHITE.mat using Guid(f9c4a99059a34d842b70997d0245fde2) Importer(815301076,1909f56bfc062723c751e8b465ee728b)  -> (artifact id: 'c5cf7b053e2bf8880046e0669785e399') in 0.008625 seconds 
  Import took 0.011051 seconds .

========================================================================
Received Import Request.
  Time since last request: 0.000195 seconds.
  path: Assets/polyperfect/Low Poly Ultimate Pack/- Materials/Colors/51 PINK-MEDIUM.mat
  artifactKey: Guid(52410f6a55176644687c0eddd00feddb) Importer(815301076,1909f56bfc062723c751e8b465ee728b)
Start importing Assets/polyperfect/Low Poly Ultimate Pack/- Materials/Colors/51 PINK-MEDIUM.mat using Guid(52410f6a55176644687c0eddd00feddb) Importer(815301076,1909f56bfc062723c751e8b465ee728b)  -> (artifact id: '660d75772c0cb3892f94755af1f12b19') in 0.007133 seconds 
  Import took 0.009350 seconds .

========================================================================
Received Import Request.
  Time since last request: 0.000204 seconds.
  path: Assets/polyperfect/Low Poly Ultimate Pack/- Materials/Colors/2 SKIN-DARK.mat
  artifactKey: Guid(7a2d84c5fa819415cad63857c2a30b64) Importer(815301076,1909f56bfc062723c751e8b465ee728b)
Start importing Assets/polyperfect/Low Poly Ultimate Pack/- Materials/Colors/2 SKIN-DARK.mat using Guid(7a2d84c5fa819415cad63857c2a30b64) Importer(815301076,1909f56bfc062723c751e8b465ee728b)  -> (artifact id: '75db2ed72afad971a16f8991e23fdc06') in 0.005992 seconds 
  Import took 0.008198 seconds .

========================================================================
Received Import Request.
  Time since last request: 0.000197 seconds.
  path: Assets/polyperfect/Low Poly Ultimate Pack/- Materials/Colors/13 BROWN-LIGHT.mat
  artifactKey: Guid(3193cf6cf65b8a748b1a843c78e6c26d) Importer(815301076,1909f56bfc062723c751e8b465ee728b)
Start importing Assets/polyperfect/Low Poly Ultimate Pack/- Materials/Colors/13 BROWN-LIGHT.mat using Guid(3193cf6cf65b8a748b1a843c78e6c26d) Importer(815301076,1909f56bfc062723c751e8b465ee728b)  -> (artifact id: 'ae95b1b37ac3251c6248b29b146d1e4f') in 0.008215 seconds 
  Import took 0.010460 seconds .

========================================================================
Received Import Request.
  Time since last request: 0.000183 seconds.
  path: Assets/polyperfect/Low Poly Ultimate Pack/- Materials/Colors/33 GREEN-DARKEST.mat
  artifactKey: Guid(12ca79d1906ac624994fa91e85880fb8) Importer(815301076,1909f56bfc062723c751e8b465ee728b)
Start importing Assets/polyperfect/Low Poly Ultimate Pack/- Materials/Colors/33 GREEN-DARKEST.mat using Guid(12ca79d1906ac624994fa91e85880fb8) Importer(815301076,1909f56bfc062723c751e8b465ee728b)  -> (artifact id: '19e0bdc4a8f102f7cfab209ce7c14255') in 0.006147 seconds 
  Import took 0.008328 seconds .

========================================================================
Received Import Request.
  Time since last request: 0.000202 seconds.
  path: Assets/polyperfect/Low Poly Ultimate Pack/- Materials/Colors/23 GREY-WHITE.mat
  artifactKey: Guid(579080bda9f89ee42a5447d6d997e266) Importer(815301076,1909f56bfc062723c751e8b465ee728b)
Start importing Assets/polyperfect/Low Poly Ultimate Pack/- Materials/Colors/23 GREY-WHITE.mat using Guid(579080bda9f89ee42a5447d6d997e266) Importer(815301076,1909f56bfc062723c751e8b465ee728b)  -> (artifact id: '79190cd82e1c5c0ca884c8ba856162c0') in 0.006226 seconds 
  Import took 0.008768 seconds .

========================================================================
Received Prepare
Registering precompiled user dll's ...
Registered in 0.001442 seconds.
Begin MonoManager ReloadAssembly
Native extension for WindowsStandalone target not found
Native extension for OSXStandalone target not found
Refreshing native plugins compatible for Editor in 0.56 ms, found 2 plugins.
Preloading 0 native plugins for Editor in 0.00 ms.
Mono: successfully reloaded assembly
- Completed reload, in  1.133 seconds
Domain Reload Profiling:
	ReloadAssembly (1134ms)
		BeginReloadAssembly (133ms)
			ExecutionOrderSort (0ms)
			DisableScriptedObjects (5ms)
			BackupInstance (0ms)
			ReleaseScriptingObjects (0ms)
			CreateAndSetChildDomain (63ms)
		EndReloadAssembly (925ms)
			LoadAssemblies (82ms)
			RebuildTransferFunctionScriptingTraits (0ms)
			SetupTypeCache (348ms)
			ReleaseScriptCaches (1ms)
			RebuildScriptCaches (45ms)
			SetupLoadedEditorAssemblies (333ms)
				LogAssemblyErrors (0ms)
				InitializePlatformSupportModulesInManaged (6ms)
				SetLoadedEditorAssemblies (1ms)
				RefreshPlugins (1ms)
				BeforeProcessingInitializeOnLoad (112ms)
				ProcessInitializeOnLoadAttributes (209ms)
				ProcessInitializeOnLoadMethodAttributes (4ms)
				AfterProcessingInitializeOnLoad (1ms)
				EditorAssembliesLoaded (0ms)
			ExecutionOrderSort2 (0ms)
			AwakeInstancesAfterBackupRestoration (8ms)
Platform modules already initialized, skipping
Refreshing native plugins compatible for Editor in 0.68 ms, found 2 plugins.
Preloading 0 native plugins for Editor in 0.00 ms.
Unloading 1391 Unused Serialized files (Serialized files now loaded: 0)
System memory in use before: 176.3 MB.
System memory in use after: 175.8 MB.

Unloading 14 unused Assets to reduce memory usage. Loaded Objects now: 1917.
Total: 3.021273 ms (FindLiveObjects: 0.149976 ms CreateObjectMapping: 0.038162 ms MarkObjects: 2.498597 ms  DeleteObjects: 0.333771 ms)

AssetImportParameters requested are different than current active one (requested -> active):
  custom:video-decoder-ogg-theora: a1e56fd34408186e4bbccfd4996cb3dc -> 
  custom:container-muxer-webm: aa71ff27fc2769a1b78a27578f13a17b -> 
  custom:container-demuxer-webm: 4f35f7cbe854078d1ac9338744f61a02 -> 
  custom:container-demuxer-ogg: 62fdf1f143b41e24485cea50d1cbac27 -> 
  custom:video-encoder-webm-vp8: eb34c28f22e8b96e1ab97ce403110664 -> 
  custom:framework-osx-AVFoundation: e770b220cccbd017edd2c1fefb359320 -> 
  custom:video-decoder-webm-vp8: 9c59270c3fd7afecdb556c50c9e8de78 -> 
  custom:audio-decoder-ogg-vorbis: bf7c407c2cedff20999df2af8eb42d56 -> 
  custom:audio-encoder-webm-vorbis: bf7c407c2cedff20999df2af8eb42d56 -> 
